<?xml version="1.0" encoding="UTF-8"?>
<!-- Generated by org.testng.reporters.JUnitXMLReporter -->
<testsuite hostname="Christians-MacBook-Pro.local" name="Command line test" tests="2" failures="1" timestamp="19 Nov 2018 01:25:28 GMT" time="51.312" errors="0">
  <testcase name="refineTopRatedMoviesByGenre" time="33.015" classname="ImdbTests.ImdbSeleniumTest"/>
  <testcase name="sortTopRatedMoviesByReleaseDate" time="18.212" classname="ImdbTests.ImdbSeleniumTest">
    <failure type="org.openqa.selenium.WebDriverException" message="unknown error: Element &amp;lt;span class=&amp;quot;global-sprite lister-sort-reverse ascending&amp;quot; data-sort=&amp;quot;rk:desc&amp;quot; title=&amp;quot;Descending order&amp;quot;&amp;gt;...&amp;lt;/span&amp;gt; is not clickable at point (723, 367). Other element would receive the click: &amp;lt;iframe allowtransparency=&amp;quot;true&amp;quot; class=&amp;quot;yesScript&amp;quot; frameborder=&amp;quot;0&amp;quot; id=&amp;quot;top_rhs&amp;quot; marginwidth=&amp;quot;0&amp;quot; marginheight=&amp;quot;0&amp;quot; name=&amp;quot;top_rhs&amp;quot; onload=&amp;quot;doWithAds.call(this, function(){ ad_utils.on_ad_load(this); });&amp;quot; scrolling=&amp;quot;no&amp;quot; data-original-width=&amp;quot;300&amp;quot; data-original-height=&amp;quot;250&amp;quot; width=&amp;quot;300&amp;quot; height=&amp;quot;250&amp;quot; data-integralas-id-f265444a-51fd-3ec2-2e3c-059cf4ad54d4=&amp;quot;&amp;quot; style=&amp;quot;position: absolute; height: 320px; width: 988px; right: 0px; top: 0px;&amp;quot;&amp;gt;&amp;lt;/iframe&amp;gt;
  (Session info: chrome=70.0.3538.102)
  (Driver info: chromedriver=2.39.562713 (dd642283e958a93ebf6891600db055f1f1b4f3b2),platform=Mac OS X 10.13.6 x86_64) (WARNING: The server did not provide any stacktrace information)
Command duration or timeout: 0 milliseconds
Build info: version: &amp;apos;3.8.1&amp;apos;, revision: &amp;apos;6e95a6684b&amp;apos;, time: &amp;apos;2017-12-01T18:33:54.468Z&amp;apos;
System info: host: &amp;apos;Christians-MacBook-Pro.local&amp;apos;, ip: &amp;apos;2002:49bd:5d4e:0:d4f5:5663:c64c:7758%en0&amp;apos;, os.name: &amp;apos;Mac OS X&amp;apos;, os.arch: &amp;apos;x86_64&amp;apos;, os.version: &amp;apos;10.13.6&amp;apos;, java.version: &amp;apos;1.8.0_172&amp;apos;
Driver info: org.openqa.selenium.chrome.ChromeDriver
Capabilities {acceptInsecureCerts: false, acceptSslCerts: false, applicationCacheEnabled: false, browserConnectionEnabled: false, browserName: chrome, chrome: {chromedriverVersion: 2.39.562713 (dd642283e958a9..., userDataDir: /var/folders/lm/36r6gtmn66q...}, cssSelectorsEnabled: true, databaseEnabled: false, handlesAlerts: true, hasTouchScreen: false, javascriptEnabled: true, locationContextEnabled: true, mobileEmulationEnabled: false, nativeEvents: true, networkConnectionEnabled: false, pageLoadStrategy: normal, platform: MAC, platformName: MAC, rotatable: false, setWindowRect: true, takesHeapSnapshot: true, takesScreenshot: true, unexpectedAlertBehaviour: , unhandledPromptBehavior: , version: 70.0.3538.102, webStorageEnabled: true}
Session ID: bfcd7714df92769b3f944123baf54f12">
      <![CDATA[org.openqa.selenium.WebDriverException: unknown error: Element <span class="global-sprite lister-sort-reverse ascending" data-sort="rk:desc" title="Descending order">...</span> is not clickable at point (723, 367). Other element would receive the click: <iframe allowtransparency="true" class="yesScript" frameborder="0" id="top_rhs" marginwidth="0" marginheight="0" name="top_rhs" onload="doWithAds.call(this, function(){ ad_utils.on_ad_load(this); });" scrolling="no" data-original-width="300" data-original-height="250" width="300" height="250" data-integralas-id-f265444a-51fd-3ec2-2e3c-059cf4ad54d4="" style="position: absolute; height: 320px; width: 988px; right: 0px; top: 0px;"></iframe>
  (Session info: chrome=70.0.3538.102)
  (Driver info: chromedriver=2.39.562713 (dd642283e958a93ebf6891600db055f1f1b4f3b2),platform=Mac OS X 10.13.6 x86_64) (WARNING: The server did not provide any stacktrace information)
Command duration or timeout: 0 milliseconds
Build info: version: '3.8.1', revision: '6e95a6684b', time: '2017-12-01T18:33:54.468Z'
System info: host: 'Christians-MacBook-Pro.local', ip: '2002:49bd:5d4e:0:d4f5:5663:c64c:7758%en0', os.name: 'Mac OS X', os.arch: 'x86_64', os.version: '10.13.6', java.version: '1.8.0_172'
Driver info: org.openqa.selenium.chrome.ChromeDriver
Capabilities {acceptInsecureCerts: false, acceptSslCerts: false, applicationCacheEnabled: false, browserConnectionEnabled: false, browserName: chrome, chrome: {chromedriverVersion: 2.39.562713 (dd642283e958a9..., userDataDir: /var/folders/lm/36r6gtmn66q...}, cssSelectorsEnabled: true, databaseEnabled: false, handlesAlerts: true, hasTouchScreen: false, javascriptEnabled: true, locationContextEnabled: true, mobileEmulationEnabled: false, nativeEvents: true, networkConnectionEnabled: false, pageLoadStrategy: normal, platform: MAC, platformName: MAC, rotatable: false, setWindowRect: true, takesHeapSnapshot: true, takesScreenshot: true, unexpectedAlertBehaviour: , unhandledPromptBehavior: , version: 70.0.3538.102, webStorageEnabled: true}
Session ID: bfcd7714df92769b3f944123baf54f12
	at org.openqa.selenium.remote.ErrorHandler.createThrowable(ErrorHandler.java:214)
	at org.openqa.selenium.remote.ErrorHandler.throwIfResponseFailed(ErrorHandler.java:166)
	at org.openqa.selenium.remote.http.JsonHttpResponseCodec.reconstructValue(JsonHttpResponseCodec.java:40)
	at org.openqa.selenium.remote.http.AbstractHttpResponseCodec.decode(AbstractHttpResponseCodec.java:80)
	at org.openqa.selenium.remote.http.AbstractHttpResponseCodec.decode(AbstractHttpResponseCodec.java:44)
	at org.openqa.selenium.remote.HttpCommandExecutor.execute(HttpCommandExecutor.java:164)
	at org.openqa.selenium.remote.service.DriverCommandExecutor.execute(DriverCommandExecutor.java:83)
	at org.openqa.selenium.remote.RemoteWebDriver.execute(RemoteWebDriver.java:601)
	at org.openqa.selenium.remote.RemoteWebElement.execute(RemoteWebElement.java:279)
	at org.openqa.selenium.remote.RemoteWebElement.click(RemoteWebElement.java:83)
	at ImdbTests.ImdbSeleniumTest.sortTopRatedMoviesByReleaseDate(ImdbSeleniumTest.java:118)
... Removed 38 stack frames]]>
    </failure>
  </testcase> <!-- sortTopRatedMoviesByReleaseDate -->
</testsuite> <!-- Command line test -->
