<?xml version="1.0" encoding="UTF-8" ?>
<testsuite tests="2" failures="1" name="TestSuite" time="51.258" errors="0" skipped="0">
  <properties>
[...]
</properties>
  <testcase classname="ImdbTests.ImdbSeleniumTest" name="refineTopRatedMoviesByGenre" time="32.989"/>
  <testcase classname="ImdbTests.ImdbSeleniumTest" name="sortTopRatedMoviesByReleaseDate" time="18.269">
    <failure message="unknown error: Element &lt;span class=&quot;global-sprite lister-sort-reverse ascending&quot; data-sort=&quot;rk:desc&quot; title=&quot;Descending order&quot;&gt;...&lt;/span&gt; is not clickable at point (723, 367). Other element would receive the click: &lt;iframe allowtransparency=&quot;true&quot; class=&quot;yesScript&quot; frameborder=&quot;0&quot; id=&quot;top_rhs&quot; marginwidth=&quot;0&quot; marginheight=&quot;0&quot; name=&quot;top_rhs&quot; onload=&quot;doWithAds.call(this, function(){ ad_utils.on_ad_load(this); });&quot; scrolling=&quot;no&quot; data-original-width=&quot;300&quot; data-original-height=&quot;250&quot; width=&quot;300&quot; height=&quot;250&quot; data-integralas-id-f265444a-51fd-3ec2-2e3c-059cf4ad54d4=&quot;&quot; style=&quot;position: absolute; height: 320px; width: 988px; right: 0px; top: 0px;&quot;&gt;&lt;/iframe&gt;
  (Session info: chrome=70.0.3538.102)
  (Driver info: chromedriver=2.39.562713 (dd642283e958a93ebf6891600db055f1f1b4f3b2),platform=Mac OS X 10.13.6 x86_64) (WARNING: The server did not provide any stacktrace information)
Command duration or timeout: 0 milliseconds
Build info: version: &apos;3.8.1&apos;, revision: &apos;6e95a6684b&apos;, time: &apos;2017-12-01T18:33:54.468Z&apos;
System info: host: &apos;Christians-MacBook-Pro.local&apos;, ip: &apos;2002:49bd:5d4e:0:d4f5:5663:c64c:7758%en0&apos;, os.name: &apos;Mac OS X&apos;, os.arch: &apos;x86_64&apos;, os.version: &apos;10.13.6&apos;, java.version: &apos;1.8.0_172&apos;
Driver info: org.openqa.selenium.chrome.ChromeDriver
Capabilities {acceptInsecureCerts: false, acceptSslCerts: false, applicationCacheEnabled: false, browserConnectionEnabled: false, browserName: chrome, chrome: {chromedriverVersion: 2.39.562713 (dd642283e958a9..., userDataDir: /var/folders/lm/36r6gtmn66q...}, cssSelectorsEnabled: true, databaseEnabled: false, handlesAlerts: true, hasTouchScreen: false, javascriptEnabled: true, locationContextEnabled: true, mobileEmulationEnabled: false, nativeEvents: true, networkConnectionEnabled: false, pageLoadStrategy: normal, platform: MAC, platformName: MAC, rotatable: false, setWindowRect: true, takesHeapSnapshot: true, takesScreenshot: true, unexpectedAlertBehaviour: , unhandledPromptBehavior: , version: 70.0.3538.102, webStorageEnabled: true}
Session ID: bfcd7714df92769b3f944123baf54f12" type="org.openqa.selenium.WebDriverException">org.openqa.selenium.WebDriverException: unknown error: Element &lt;span class=&quot;global-sprite lister-sort-reverse ascending&quot; data-sort=&quot;rk:desc&quot; title=&quot;Descending order&quot;&gt;...&lt;/span&gt; is not clickable at point (723, 367). Other element would receive the click: &lt;iframe allowtransparency=&quot;true&quot; class=&quot;yesScript&quot; frameborder=&quot;0&quot; id=&quot;top_rhs&quot; marginwidth=&quot;0&quot; marginheight=&quot;0&quot; name=&quot;top_rhs&quot; onload=&quot;doWithAds.call(this, function(){ ad_utils.on_ad_load(this); });&quot; scrolling=&quot;no&quot; data-original-width=&quot;300&quot; data-original-height=&quot;250&quot; width=&quot;300&quot; height=&quot;250&quot; data-integralas-id-f265444a-51fd-3ec2-2e3c-059cf4ad54d4=&quot;&quot; style=&quot;position: absolute; height: 320px; width: 988px; right: 0px; top: 0px;&quot;&gt;&lt;/iframe&gt;
  (Session info: chrome=70.0.3538.102)
  (Driver info: chromedriver=2.39.562713 (dd642283e958a93ebf6891600db055f1f1b4f3b2),platform=Mac OS X 10.13.6 x86_64) (WARNING: The server did not provide any stacktrace information)
Command duration or timeout: 0 milliseconds
Build info: version: &apos;3.8.1&apos;, revision: &apos;6e95a6684b&apos;, time: &apos;2017-12-01T18:33:54.468Z&apos;
System info: host: &apos;Christians-MacBook-Pro.local&apos;, ip: &apos;2002:49bd:5d4e:0:d4f5:5663:c64c:7758%en0&apos;, os.name: &apos;Mac OS X&apos;, os.arch: &apos;x86_64&apos;, os.version: &apos;10.13.6&apos;, java.version: &apos;1.8.0_172&apos;
Driver info: org.openqa.selenium.chrome.ChromeDriver
Capabilities {acceptInsecureCerts: false, acceptSslCerts: false, applicationCacheEnabled: false, browserConnectionEnabled: false, browserName: chrome, chrome: {chromedriverVersion: 2.39.562713 (dd642283e958a9..., userDataDir: /var/folders/lm/36r6gtmn66q...}, cssSelectorsEnabled: true, databaseEnabled: false, handlesAlerts: true, hasTouchScreen: false, javascriptEnabled: true, locationContextEnabled: true, mobileEmulationEnabled: false, nativeEvents: true, networkConnectionEnabled: false, pageLoadStrategy: normal, platform: MAC, platformName: MAC, rotatable: false, setWindowRect: true, takesHeapSnapshot: true, takesScreenshot: true, unexpectedAlertBehaviour: , unhandledPromptBehavior: , version: 70.0.3538.102, webStorageEnabled: true}
Session ID: bfcd7714df92769b3f944123baf54f12
	at sun.reflect.NativeConstructorAccessorImpl.newInstance0(Native Method)
	at sun.reflect.NativeConstructorAccessorImpl.newInstance(NativeConstructorAccessorImpl.java:62)
	at sun.reflect.DelegatingConstructorAccessorImpl.newInstance(DelegatingConstructorAccessorImpl.java:45)
	at java.lang.reflect.Constructor.newInstance(Constructor.java:423)
	at org.openqa.selenium.remote.ErrorHandler.createThrowable(ErrorHandler.java:214)
	at org.openqa.selenium.remote.ErrorHandler.throwIfResponseFailed(ErrorHandler.java:166)
	at org.openqa.selenium.remote.http.JsonHttpResponseCodec.reconstructValue(JsonHttpResponseCodec.java:40)
	at org.openqa.selenium.remote.http.AbstractHttpResponseCodec.decode(AbstractHttpResponseCodec.java:80)
	at org.openqa.selenium.remote.http.AbstractHttpResponseCodec.decode(AbstractHttpResponseCodec.java:44)
	at org.openqa.selenium.remote.HttpCommandExecutor.execute(HttpCommandExecutor.java:164)
	at org.openqa.selenium.remote.service.DriverCommandExecutor.execute(DriverCommandExecutor.java:83)
	at org.openqa.selenium.remote.RemoteWebDriver.execute(RemoteWebDriver.java:601)
	at org.openqa.selenium.remote.RemoteWebElement.execute(RemoteWebElement.java:279)
	at org.openqa.selenium.remote.RemoteWebElement.click(RemoteWebElement.java:83)
	at ImdbTests.ImdbSeleniumTest.sortTopRatedMoviesByReleaseDate(ImdbSeleniumTest.java:118)
</failure>
    <system-out>Loading the Top Rated movies page: ===&gt; sorted by Release Date &amp; Descending Order
Sort movies by Release Date and Descending Order ===&gt; 
</system-out>
    <system-err>Starting ChromeDriver 2.39.562713 (dd642283e958a93ebf6891600db055f1f1b4f3b2) on port 20595
Only local connections are allowed.
Nov 18, 2018 5:25:13 PM org.openqa.selenium.remote.ProtocolHandshake createSession
INFO: Detected dialect: OSS
</system-err>
  </testcase>
</testsuite>